<?xml version="1.0" encoding="UTF-8"?>
<!-- Generated by org.testng.reporters.JUnitXMLReporter -->
<testsuite ignored="0" hostname="DESKTOP-8S195GN" failures="0" tests="3" name="Test" time="31.632" errors="0" timestamp="2025-11-05T18:34:24 IST">
  <testcase classname="testCases.TC003_LoginDDT" name="verifyLoginDDT" time="2.025"/>
  <testcase classname="testCases.TC003_LoginDDT" name="verifyLoginDDT" time="11.302"/>
  <testcase classname="testCases.TC003_LoginDDT" name="verifyLoginDDT" time="10.597"/>
</testsuite> <!-- Test -->
