<?xml version="1.0" encoding="UTF-8"?>
<!-- Generated by org.testng.reporters.JUnitXMLReporter -->
<testsuite ignored="0" hostname="DESKTOP-8S195GN" failures="0" tests="6" name="Test" time="48.025" errors="0" timestamp="2025-10-24T18:58:05 IST">
  <testcase classname="testCases.TC001_AccountRegistrationTest" name="verify_account_registration" time="2.889"/>
  <testcase classname="testCases.TC002_LoginTest" name="verify_login" time="2.239"/>
  <testcase classname="testCases.TC003_LoginDDT" name="verifyLoginDDT" time="2.178"/>
  <testcase classname="testCases.TC003_LoginDDT" name="verifyLoginDDT" time="12.003"/>
  <testcase classname="testCases.TC003_LoginDDT" name="verifyLoginDDT" time="11.041"/>
  <testcase classname="testCases.TC004_ForgotPasswordTest" name="verify_ForgetPassword" time="3.254"/>
</testsuite> <!-- Test -->
