<?xml version="1.0" encoding="UTF-8"?>
<testng-results ignored="0" total="3" passed="3" failed="0" skipped="0">
  <reporter-output>
  </reporter-output>
  <suite started-at="2025-11-05T18:33:51 IST" name="Suite" finished-at="2025-11-05T18:34:22 IST" duration-ms="31632">
    <groups>
      <group name="datadriven">
        <method signature="TC003_LoginDDT.verifyLoginDDT(java.lang.String,java.lang.String,java.lang.String)[pri:0, instance:testCases.TC003_LoginDDT@26794848]" name="verifyLoginDDT" class="testCases.TC003_LoginDDT"/>
      </group> <!-- datadriven -->
    </groups>
    <test started-at="2025-11-05T18:33:51 IST" name="Test" finished-at="2025-11-05T18:34:22 IST" duration-ms="31632">
      <class name="testCases.TC003_LoginDDT">
        <test-method is-config="true" signature="setup(java.lang.String,java.lang.String)[pri:0, instance:testCases.TC003_LoginDDT@26794848]" started-at="2025-11-05T18:33:51 IST" name="setup" finished-at="2025-11-05T18:33:57 IST" duration-ms="5791" status="PASS">
          <params>
            <param index="0">
              <value>
                <![CDATA[Windows]]>
              </value>
            </param>
            <param index="1">
              <value>
                <![CDATA[chrome]]>
              </value>
            </param>
          </params>
          <reporter-output>
          </reporter-output>
        </test-method> <!-- setup -->
        <test-method signature="verifyLoginDDT(java.lang.String,java.lang.String,java.lang.String)[pri:0, instance:testCases.TC003_LoginDDT@26794848]" started-at="2025-11-05T18:33:58 IST" name="verifyLoginDDT" data-provider="LoginData" finished-at="2025-11-05T18:34:00 IST" duration-ms="2025" status="PASS">
          <params>
            <param index="0">
              <value>
                <![CDATA[imran.ahamad9994@gmail.com]]>
              </value>
            </param>
            <param index="1">
              <value>
                <![CDATA[Kool123]]>
              </value>
            </param>
            <param index="2">
              <value>
                <![CDATA[Valid]]>
              </value>
            </param>
          </params>
          <reporter-output>
          </reporter-output>
        </test-method> <!-- verifyLoginDDT -->
        <test-method signature="verifyLoginDDT(java.lang.String,java.lang.String,java.lang.String)[pri:0, instance:testCases.TC003_LoginDDT@26794848]" started-at="2025-11-05T18:34:00 IST" name="verifyLoginDDT" data-provider="LoginData" finished-at="2025-11-05T18:34:12 IST" duration-ms="11302" status="PASS">
          <params>
            <param index="0">
              <value>
                <![CDATA[imran.ahamad9994@mail.com]]>
              </value>
            </param>
            <param index="1">
              <value>
                <![CDATA[Kool321]]>
              </value>
            </param>
            <param index="2">
              <value>
                <![CDATA[Invalid]]>
              </value>
            </param>
          </params>
          <reporter-output>
          </reporter-output>
        </test-method> <!-- verifyLoginDDT -->
        <test-method signature="verifyLoginDDT(java.lang.String,java.lang.String,java.lang.String)[pri:0, instance:testCases.TC003_LoginDDT@26794848]" started-at="2025-11-05T18:34:12 IST" name="verifyLoginDDT" data-provider="LoginData" finished-at="2025-11-05T18:34:22 IST" duration-ms="10597" status="PASS">
          <params>
            <param index="0">
              <value>
                <![CDATA[Zik@mail.com]]>
              </value>
            </param>
            <param index="1">
              <value>
                <![CDATA[Zik123]]>
              </value>
            </param>
            <param index="2">
              <value>
                <![CDATA[Invalid]]>
              </value>
            </param>
          </params>
          <reporter-output>
          </reporter-output>
        </test-method> <!-- verifyLoginDDT -->
        <test-method is-config="true" signature="tearDown()[pri:0, instance:testCases.TC003_LoginDDT@26794848]" started-at="2025-11-05T18:34:22 IST" name="tearDown" finished-at="2025-11-05T18:34:22 IST" duration-ms="270" status="PASS">
          <reporter-output>
          </reporter-output>
        </test-method> <!-- tearDown -->
      </class> <!-- testCases.TC003_LoginDDT -->
    </test> <!-- Test -->
  </suite> <!-- Suite -->
</testng-results>
