<?xml version="1.0" encoding="UTF-8"?>
<!-- Generated by org.testng.reporters.JUnitReportReporter -->
<testsuite hostname="DESKTOP-8S195GN" failures="0" tests="3" name="testCases.TC003_LoginDDT" time="23.924" errors="0" timestamp="2025-11-05T18:34:24 IST" skipped="0">
  <testcase classname="testCases.TC003_LoginDDT" name="verifyLoginDDT" time="11.302"/>
  <testcase classname="testCases.TC003_LoginDDT" name="verifyLoginDDT" time="10.597"/>
  <testcase classname="testCases.TC003_LoginDDT" name="verifyLoginDDT" time="2.025"/>
</testsuite> <!-- testCases.TC003_LoginDDT -->
